2016-07-15 11:45:46 - root - mainBach -INFO - Running dir_tree_info_pars
2016-07-15 11:45:46 - root - mainBach -INFO - Total number of directory scanned: 4
2016-07-15 11:45:46 - root - appendFSHistCSVfile -INFO - appendFSHistCSVfile: serializing: 2 dir node entries to: data_files/FS_HistoryFull.csv
2016-07-15 11:45:46 - root - appendFSHistCSVfile -INFO - appendFSHistCSVfile: took: 0.00 seconds
2016-07-15 11:45:46 - root - mainBach -INFO - Done pyStoigyNodeHistory main scrip execution ends
2016-07-15 11:46:13 - root - __init__ -INFO - Starting pyStoigyNodeHistory.py main scrip exicqtion
2016-07-15 11:46:13 - root - __init__ -INFO - ROOT_PATH: C:/testdirs
2016-07-15 11:46:13 - root - __init__ -INFO - MONITOR_TYPES: ['zip', 'txt', 'csv', 'sql', 'ps', 'log']
2016-07-15 11:46:13 - root - __init__ -INFO - LOG_FILENAME: log_files/run_log.log
2016-07-15 11:46:13 - root - __init__ -INFO - FS_HISTORY_CSV_FILEPATH: data_files/FS_HistoryFull.csv
2016-07-15 11:46:13 - root - __init__ -INFO - HIST_REPORT_LEVEL: 1
2016-07-15 11:46:13 - root - mainBach -INFO - Running dir_tree_info_pars
2016-07-15 11:46:13 - root - mainBach -INFO - Total number of directory scanned: 4
2016-07-15 11:46:13 - root - appendFSHistCSVfile -INFO - appendFSHistCSVfile: serializing: 2 dir node entries to: data_files/FS_HistoryFull.csv
2016-07-15 11:46:13 - root - appendFSHistCSVfile -INFO - appendFSHistCSVfile: took: 0.00 seconds
2016-07-15 11:46:13 - root - mainBach -INFO - Done pyStoigyNodeHistory main scrip execution ends
2016-07-15 11:47:23 - root - __init__ -INFO - Starting pyStoigyNodeHistory.py main scrip exicqtion
2016-07-15 11:47:23 - root - __init__ -INFO - ROOT_PATH: C:/testdirs
2016-07-15 11:47:23 - root - __init__ -INFO - MONITOR_TYPES: ['zip', 'txt', 'csv', 'sql', 'ps', 'log']
2016-07-15 11:47:23 - root - __init__ -INFO - LOG_FILENAME: log_files/run_log.log
2016-07-15 11:47:23 - root - __init__ -INFO - FS_HISTORY_CSV_FILEPATH: data_files/FS_HistoryFull.csv
2016-07-15 11:47:23 - root - __init__ -INFO - HIST_REPORT_LEVEL: 1
2016-07-15 11:47:23 - root - mainBach -INFO - Running dir_tree_info_pars
2016-07-15 11:47:23 - root - mainBach -INFO - Total number of directory scanned: 4
2016-07-15 11:47:23 - root - appendFSHistCSVfile -INFO - appendFSHistCSVfile: serializing: 2 dir node entries to: data_files/FS_HistoryFull.csv
2016-07-15 11:47:23 - root - appendFSHistCSVfile -INFO - appendFSHistCSVfile: took: 0.00 seconds
2016-07-15 11:47:23 - root - mainBach -INFO - Done pyStoigyNodeHistory main scrip execution ends
2016-07-15 11:48:09 - root - __init__ -INFO - Starting pyStoigyNodeHistory.py main scrip exicqtion
2016-07-15 11:48:09 - root - __init__ -INFO - ROOT_PATH: C:/testdirs
2016-07-15 11:48:09 - root - __init__ -INFO - MONITOR_TYPES: ['zip', 'txt', 'csv', 'sql', 'ps', 'log']
2016-07-15 11:48:09 - root - __init__ -INFO - LOG_FILENAME: log_files/run_log.log
2016-07-15 11:48:09 - root - __init__ -INFO - FS_HISTORY_CSV_FILEPATH: data_files/FS_HistoryFull.csv
2016-07-15 11:48:09 - root - __init__ -INFO - HIST_REPORT_LEVEL: 1
2016-07-15 11:48:09 - root - mainBach -INFO - Running dir_tree_info_pars
2016-07-15 11:48:09 - root - mainBach -INFO - Total number of directory scanned: 4
2016-07-15 11:48:09 - root - appendFSHistCSVfile -INFO - appendFSHistCSVfile: serializing: 2 dir node entries to: data_files/FS_HistoryFull.csv
2016-07-15 11:48:09 - root - appendFSHistCSVfile -INFO - appendFSHistCSVfile: took: 0.00 seconds
2016-07-15 11:48:09 - root - mainBach -INFO - Done pyStoigyNodeHistory main scrip execution ends
2016-07-15 11:50:02 - root - __init__ -INFO - Starting pyStoigyNodeHistory.py main scrip exicqtion
2016-07-15 11:50:02 - root - __init__ -INFO - ROOT_PATH: C:/testdirs
2016-07-15 11:50:02 - root - __init__ -INFO - MONITOR_TYPES: ['zip', 'txt', 'csv', 'sql', 'ps', 'log']
2016-07-15 11:50:02 - root - __init__ -INFO - LOG_FILENAME: log_files/run_log.log
2016-07-15 11:50:02 - root - __init__ -INFO - FS_HISTORY_CSV_FILEPATH: data_files/FS_HistoryFull.csv
2016-07-15 11:50:02 - root - __init__ -INFO - HIST_REPORT_LEVEL: 1
2016-07-15 11:50:02 - root - mainBach -INFO - Running dir_tree_info_pars
2016-07-15 11:50:02 - root - mainBach -INFO - Total number of directory scanned: 4
2016-07-15 11:50:02 - root - appendFSHistCSVfile -INFO - appendFSHistCSVfile: serializing: 2 dir node entries to: data_files/FS_HistoryFull.csv
2016-07-15 11:50:02 - root - appendFSHistCSVfile -INFO - appendFSHistCSVfile: took: 0.00 seconds
2016-07-15 11:50:02 - root - mainBach -INFO - Done pyStoigyNodeHistory main scrip execution ends
2016-07-15 11:50:54 - root - __init__ -INFO - Starting pyStoigyNodeHistory.py main scrip exicqtion
2016-07-15 11:50:54 - root - __init__ -INFO - ROOT_PATH: C:/testdirs
2016-07-15 11:50:54 - root - __init__ -INFO - MONITOR_TYPES: ['zip', 'txt', 'csv', 'sql', 'ps', 'log']
2016-07-15 11:50:54 - root - __init__ -INFO - LOG_FILENAME: log_files/run_log.log
2016-07-15 11:50:54 - root - __init__ -INFO - FS_HISTORY_CSV_FILEPATH: data_files/FS_HistoryFull.csv
2016-07-15 11:50:54 - root - __init__ -INFO - HIST_REPORT_LEVEL: 1
2016-07-15 11:50:54 - root - mainBach -INFO - Running dir_tree_info_pars
2016-07-15 11:50:54 - root - mainBach -INFO - Total number of directory scanned: 4
2016-07-15 11:50:54 - root - appendFSHistCSVfile -INFO - appendFSHistCSVfile: serializing: 2 dir node entries to: data_files/FS_HistoryFull.csv
2016-07-15 11:50:54 - root - appendFSHistCSVfile -INFO - appendFSHistCSVfile: took: 0.00 seconds
2016-07-15 11:50:54 - root - mainBach -INFO - Done pyStoigyNodeHistory main scrip execution ends
2016-07-15 11:53:09 - root - __init__ -INFO - Starting pyStoigyNodeHistory.py main scrip exicqtion
2016-07-15 11:53:09 - root - __init__ -INFO - ROOT_PATH: C:/testdirs
2016-07-15 11:53:09 - root - __init__ -INFO - MONITOR_TYPES: ['zip', 'txt', 'csv', 'sql', 'ps', 'log']
2016-07-15 11:53:09 - root - __init__ -INFO - LOG_FILENAME: log_files/run_log.log
2016-07-15 11:53:09 - root - __init__ -INFO - FS_HISTORY_CSV_FILEPATH: data_files/FS_HistoryFull.csv
2016-07-15 11:53:09 - root - __init__ -INFO - HIST_REPORT_LEVEL: 1
2016-07-15 11:53:09 - root - mainBach -INFO - Running dir_tree_info_pars
2016-07-15 11:53:09 - root - mainBach -INFO - Total number of directory scanned: 4
2016-07-15 11:53:09 - root - appendFSHistCSVfile -INFO - appendFSHistCSVfile: serializing: 2 dir node entries to: data_files/FS_HistoryFull.csv
2016-07-15 11:53:09 - root - appendFSHistCSVfile -INFO - appendFSHistCSVfile: took: 0.00 seconds
2016-07-15 11:53:09 - root - mainBach -INFO - Done pyStoigyNodeHistory main scrip execution ends
2016-07-15 11:54:55 - root - __init__ -INFO - Starting pyStoigyNodeHistory.py main scrip exicqtion
2016-07-15 11:54:55 - root - __init__ -INFO - ROOT_PATH: C:/testdirs
2016-07-15 11:54:55 - root - __init__ -INFO - MONITOR_TYPES: ['zip', 'txt', 'csv', 'sql', 'ps', 'log']
2016-07-15 11:54:55 - root - __init__ -INFO - LOG_FILENAME: log_files/run_log.log
2016-07-15 11:54:55 - root - __init__ -INFO - FS_HISTORY_CSV_FILEPATH: data_files/FS_HistoryFull.csv
2016-07-15 11:54:55 - root - __init__ -INFO - HIST_REPORT_LEVEL: 1
2016-07-15 11:54:55 - root - mainBach -INFO - Running dir_tree_info_pars
2016-07-15 11:54:55 - root - mainBach -INFO - Total number of directory scanned: 4
2016-07-15 11:54:55 - root - appendFSHistCSVfile -INFO - appendFSHistCSVfile: serializing: 2 dir node entries to: data_files/FS_HistoryFull.csv
2016-07-15 11:54:55 - root - appendFSHistCSVfile -INFO - appendFSHistCSVfile: took: 0.00 seconds
2016-07-15 11:54:55 - root - mainBach -INFO - Done pyStoigyNodeHistory main scrip execution ends
2016-07-15 11:56:11 - root - __init__ -INFO - Starting pyStoigyNodeHistory.py main scrip exicqtion
2016-07-15 11:56:11 - root - __init__ -INFO - ROOT_PATH: C:/testdirs
2016-07-15 11:56:11 - root - __init__ -INFO - MONITOR_TYPES: ['zip', 'txt', 'csv', 'sql', 'ps', 'log']
2016-07-15 11:56:11 - root - __init__ -INFO - LOG_FILENAME: log_files/run_log.log
2016-07-15 11:56:11 - root - __init__ -INFO - FS_HISTORY_CSV_FILEPATH: data_files/FS_HistoryFull.csv
2016-07-15 11:56:11 - root - __init__ -INFO - HIST_REPORT_LEVEL: 1
2016-07-15 11:56:11 - root - mainBach -INFO - Running dir_tree_info_pars
2016-07-15 11:56:11 - root - mainBach -INFO - Total number of directory scanned: 4
2016-07-15 11:56:11 - root - appendFSHistCSVfile -INFO - appendFSHistCSVfile: serializing: 2 dir node entries to: data_files/FS_HistoryFull.csv
2016-07-15 11:56:11 - root - appendFSHistCSVfile -INFO - appendFSHistCSVfile: took: 0.00 seconds
2016-07-15 11:56:11 - root - mainBach -INFO - Done pyStoigyNodeHistory main scrip execution ends
2016-07-15 11:56:25 - root - __init__ -INFO - Starting pyStoigyNodeHistory.py main scrip exicqtion
2016-07-15 11:56:25 - root - __init__ -INFO - ROOT_PATH: C:/testdirs
2016-07-15 11:56:25 - root - __init__ -INFO - MONITOR_TYPES: ['zip', 'txt', 'csv', 'sql', 'ps', 'log']
2016-07-15 11:56:25 - root - __init__ -INFO - LOG_FILENAME: log_files/run_log.log
2016-07-15 11:56:25 - root - __init__ -INFO - FS_HISTORY_CSV_FILEPATH: data_files/FS_HistoryFull.csv
2016-07-15 11:56:25 - root - __init__ -INFO - HIST_REPORT_LEVEL: 1
2016-07-15 11:56:25 - root - mainBach -INFO - Running dir_tree_info_pars
2016-07-15 11:56:25 - root - mainBach -INFO - Total number of directory scanned: 4
2016-07-15 11:56:25 - root - appendFSHistCSVfile -INFO - appendFSHistCSVfile: serializing: 2 dir node entries to: data_files/FS_HistoryFull.csv
2016-07-15 11:56:25 - root - appendFSHistCSVfile -INFO - appendFSHistCSVfile: took: 0.00 seconds
2016-07-15 11:56:25 - root - mainBach -INFO - Done pyStoigyNodeHistory main scrip execution ends
2016-07-15 11:57:35 - root - __init__ -INFO - Starting pyStoigyNodeHistory.py main scrip exicqtion
2016-07-15 11:57:35 - root - __init__ -INFO - ROOT_PATH: C:/testdirs
2016-07-15 11:57:35 - root - __init__ -INFO - MONITOR_TYPES: ['zip', 'txt', 'csv', 'sql', 'ps', 'log']
2016-07-15 11:57:35 - root - __init__ -INFO - LOG_FILENAME: log_files/run_log.log
2016-07-15 11:57:35 - root - __init__ -INFO - FS_HISTORY_CSV_FILEPATH: data_files/FS_HistoryFull.csv
2016-07-15 11:57:35 - root - __init__ -INFO - HIST_REPORT_LEVEL: 1
2016-07-15 11:57:35 - root - mainBach -INFO - Running dir_tree_info_pars
2016-07-15 11:57:36 - root - mainBach -INFO - Total number of directory scanned: 4
2016-07-15 11:57:36 - root - appendFSHistCSVfile -INFO - appendFSHistCSVfile: serializing: 2 dir node entries to: data_files/FS_HistoryFull.csv
2016-07-15 11:57:36 - root - appendFSHistCSVfile -INFO - appendFSHistCSVfile: took: 0.00 seconds
2016-07-15 11:57:36 - root - mainBach -INFO - Done pyStoigyNodeHistory main scrip execution ends
2016-07-15 11:59:08 - root - __init__ -INFO - Starting pyStoigyNodeHistory.py main scrip exicqtion
2016-07-15 11:59:08 - root - __init__ -INFO - ROOT_PATH: C:/testdirs
2016-07-15 11:59:08 - root - __init__ -INFO - MONITOR_TYPES: ['zip', 'txt', 'csv', 'sql', 'ps', 'log']
2016-07-15 11:59:08 - root - __init__ -INFO - LOG_FILENAME: log_files/run_log.log
2016-07-15 11:59:08 - root - __init__ -INFO - FS_HISTORY_CSV_FILEPATH: data_files/FS_HistoryFull.csv
2016-07-15 11:59:08 - root - __init__ -INFO - HIST_REPORT_LEVEL: 1
2016-07-15 11:59:08 - root - mainBach -INFO - Running dir_tree_info_pars
2016-07-15 11:59:08 - root - mainBach -INFO - Total number of directory scanned: 4
2016-07-15 11:59:08 - root - appendFSHistCSVfile -INFO - appendFSHistCSVfile: serializing: 2 dir node entries to: data_files/FS_HistoryFull.csv
2016-07-15 11:59:08 - root - appendFSHistCSVfile -INFO - appendFSHistCSVfile: took: 0.00 seconds
2016-07-15 11:59:08 - root - mainBach -INFO - Done pyStoigyNodeHistory main scrip execution ends
2016-07-15 11:59:42 - root - __init__ -INFO - Starting pyStoigyNodeHistory.py main scrip exicqtion
2016-07-15 11:59:42 - root - __init__ -INFO - ROOT_PATH: C:/testdirs
2016-07-15 11:59:42 - root - __init__ -INFO - MONITOR_TYPES: ['zip', 'txt', 'csv', 'sql', 'ps', 'log']
2016-07-15 11:59:42 - root - __init__ -INFO - LOG_FILENAME: log_files/run_log.log
2016-07-15 11:59:42 - root - __init__ -INFO - FS_HISTORY_CSV_FILEPATH: data_files/FS_HistoryFull.csv
2016-07-15 11:59:42 - root - __init__ -INFO - HIST_REPORT_LEVEL: 1
2016-07-15 11:59:42 - root - mainBach -INFO - Running dir_tree_info_pars
2016-07-15 11:59:42 - root - mainBach -INFO - Total number of directory scanned: 4
2016-07-15 11:59:42 - root - appendFSHistCSVfile -INFO - appendFSHistCSVfile: serializing: 2 dir node entries to: data_files/FS_HistoryFull.csv
2016-07-15 11:59:42 - root - appendFSHistCSVfile -INFO - appendFSHistCSVfile: took: 0.00 seconds
2016-07-15 11:59:42 - root - mainBach -INFO - Done pyStoigyNodeHistory main scrip execution ends
2016-07-16 12:01:19 - root - __init__ -INFO - Starting pyStoigyNodeHistory.py main scrip exicqtion
2016-07-16 12:01:19 - root - __init__ -INFO - ROOT_PATH: C:/testdirs
2016-07-16 12:01:19 - root - __init__ -INFO - MONITOR_TYPES: ['zip', 'txt', 'csv', 'sql', 'ps', 'log']
2016-07-16 12:01:19 - root - __init__ -INFO - LOG_FILENAME: log_files/run_log.log
2016-07-16 12:01:19 - root - __init__ -INFO - FS_HISTORY_CSV_FILEPATH: data_files/FS_HistoryFull.csv
2016-07-16 12:01:19 - root - __init__ -INFO - HIST_REPORT_LEVEL: 1
2016-07-16 12:01:19 - root - mainBach -INFO - Running dir_tree_info_pars
2016-07-16 12:01:19 - root - mainBach -INFO - Total number of directory scanned: 4
2016-07-16 12:01:19 - root - appendFSHistCSVfile -INFO - appendFSHistCSVfile: serializing: 2 dir node entries to: data_files/FS_HistoryFull.csv
2016-07-16 12:01:19 - root - appendFSHistCSVfile -INFO - appendFSHistCSVfile: took: 0.00 seconds
2016-07-16 12:01:19 - root - mainBach -INFO - Done pyStoigyNodeHistory main scrip execution ends
2016-07-16 12:02:21 - root - __init__ -INFO - Starting pyStoigyNodeHistory.py main scrip exicqtion
2016-07-16 12:02:21 - root - __init__ -INFO - ROOT_PATH: C:/testdirs
2016-07-16 12:02:21 - root - __init__ -INFO - MONITOR_TYPES: ['zip', 'txt', 'csv', 'sql', 'ps', 'log']
2016-07-16 12:02:21 - root - __init__ -INFO - LOG_FILENAME: log_files/run_log.log
2016-07-16 12:02:21 - root - __init__ -INFO - FS_HISTORY_CSV_FILEPATH: data_files/FS_HistoryFull.csv
2016-07-16 12:02:21 - root - __init__ -INFO - HIST_REPORT_LEVEL: 1
2016-07-16 12:02:21 - root - mainBach -INFO - Running dir_tree_info_pars
2016-07-16 12:02:21 - root - mainBach -INFO - Total number of directory scanned: 4
2016-07-16 12:02:21 - root - appendFSHistCSVfile -INFO - appendFSHistCSVfile: serializing: 2 dir node entries to: data_files/FS_HistoryFull.csv
2016-07-16 12:02:21 - root - appendFSHistCSVfile -INFO - appendFSHistCSVfile: took: 0.00 seconds
2016-07-16 12:02:21 - root - mainBach -INFO - Done pyStoigyNodeHistory main scrip execution ends
2016-07-16 12:03:31 - root - __init__ -INFO - Starting pyStoigyNodeHistory.py main scrip exicqtion
2016-07-16 12:03:31 - root - __init__ -INFO - ROOT_PATH: /testdirs
2016-07-16 12:03:31 - root - __init__ -INFO - MONITOR_TYPES: ['zip', 'txt', 'csv', 'sql', 'ps', 'log']
2016-07-16 12:03:31 - root - __init__ -INFO - LOG_FILENAME: log_files/run_log.log
2016-07-16 12:03:31 - root - __init__ -INFO - FS_HISTORY_CSV_FILEPATH: data_files/FS_HistoryFull.csv
2016-07-16 12:03:31 - root - __init__ -INFO - HIST_REPORT_LEVEL: 1
2016-07-16 12:03:31 - root - mainBach -INFO - Running dir_tree_info_pars
2016-07-16 12:03:31 - root - mainBach -INFO - Total number of directory scanned: 4
2016-07-16 12:03:31 - root - appendFSHistCSVfile -INFO - appendFSHistCSVfile: serializing: 2 dir node entries to: data_files/FS_HistoryFull.csv
2016-07-16 12:03:31 - root - appendFSHistCSVfile -INFO - appendFSHistCSVfile: took: 0.00 seconds
2016-07-16 12:03:31 - root - mainBach -INFO - Done pyStoigyNodeHistory main scrip execution ends
